IQ-TREE version 3.1.1 for Linux x86 64-bit built Apr  8 2026
Developed by Bui Quang Minh, Thomas Wong, Nhan Ly-Trong, Huaiyan Ren
Contributed by Lam-Tung Nguyen, Dominik Schrempf, Chris Bielow,
Olga Chernomor, Michael Woodhams, Diep Thi Hoang, Heiko Schmidt

Host:    victus (AVX2, FMA3, 31 GB RAM)
Command: iqtree -s 07_markers/alignments_trimmed/subsampled/recA_repr.fasta -m MFP -B 1000 -T 24 --prefix 07_markers/trees/recA_repr --redo --quiet
Seed:    833662 (Using SPRNG - Scalable Parallel Random Number Generator)
Time:    Fri May 15 18:07:10 2026
Kernel:  AVX+FMA - 24 threads (24 CPU cores detected)

Reading alignment file 07_markers/alignments_trimmed/subsampled/recA_repr.fasta ... Fasta format detected
Reading fasta file: done in 0.00104483 secs using 87.48% CPU
Alignment most likely contains protein sequences
Constructing alignment: done in 0.000927557 secs using 74.6% CPU
Alignment has 124 sequences with 353 columns, 47 distinct patterns
24 parsimony-informative, 0 singleton sites, 329 constant sites
WARNING: Some sequence names are changed as follows:
Yersinia_sp._(novel_candidate)__GCF_041538325.1 -> Yersinia_sp.__novel_candidate___GCF_041538325.1
Yersinia_sp._(novel_candidate)__GCF_048593885.1 -> Yersinia_sp.__novel_candidate___GCF_048593885.1
Yersinia_sp._(novel_candidate)__GCF_056636475.1 -> Yersinia_sp.__novel_candidate___GCF_056636475.1
Yersinia_sp._(novel_candidate)__GCF_056636415.1 -> Yersinia_sp.__novel_candidate___GCF_056636415.1
Yersinia_sp._(novel_candidate)__GCF_056636455.1 -> Yersinia_sp.__novel_candidate___GCF_056636455.1

                                                 Gap/Ambiguity  Composition  p-value
Analyzing sequences: done in 0.000329805 secs using 78.83% CPU
   1  Yersinia_pseudotuberculosis__GCF_900460735.1       0.00%    passed    100.00%
   2  Yersinia_rochesterensis__GCF_946902935.1           0.00%    passed    100.00%
   3  Yersinia_pekkanenii__GCF_963868735.1               0.00%    passed    100.00%
   4  Yersinia_bercovieri__GCF_963900425.1               0.00%    passed    100.00%
   5  Yersinia_alsatica__GCF_963900355.1                 0.00%    passed    100.00%
   6  Yersinia_kristensenii__GCF_963870645.1             0.00%    passed    100.00%
   7  Yersinia_kristensenii__GCF_963873565.1             0.00%    passed    100.00%
   8  Yersinia_mollaretii__GCF_963887555.1               0.00%    passed    100.00%
   9  Yersinia_kristensenii__GCF_963901205.1             0.00%    passed    100.00%
  10  Yersinia_vastinensis__GCF_963900675.1              0.00%    passed    100.00%
  11  Yersinia_alsatica__GCF_963901175.1                 0.00%    passed    100.00%
  12  Yersinia_alsatica__GCF_963901255.1                 0.00%    passed    100.00%
  13  Yersinia_mollaretii__GCF_963900165.1               0.00%    passed    100.00%
  14  Yersinia_entomophaga__GCF_965137505.1              0.28%    passed    100.00%
  15  Yersinia_pekkanenii__GCF_001244635.1               0.00%    passed    100.00%
  16  Yersinia_nurmii__GCF_001112925.1                   0.28%    passed    100.00%
  17  Yersinia_aldovae__GCF_001091225.1                  0.00%    passed    100.00%
  18  Yersinia_wautersii__GCF_000493475.1                0.00%    passed    100.00%
  19  Yersinia_wautersii__GCF_000493415.1                0.00%    passed    100.00%
  20  Yersinia_frederiksenii__GCF_900460425.1            0.00%    passed    100.00%
  21  Yersinia_aldovae__GCF_902168585.1                  0.00%    passed    100.00%
  22  Yersinia_aldovae__GCF_902168475.1                  0.00%    passed    100.00%
  23  Yersinia_aleksiciae__GCF_902168445.1               0.00%    passed    100.00%
  24  Yersinia_aleksiciae__GCF_902168465.1               0.00%    passed    100.00%
  25  Yersinia_bercovieri__GCF_902168545.1               0.00%    passed    100.00%
  26  Yersinia_bercovieri__GCF_902168625.1               0.00%    passed    100.00%
  27  Yersinia_frederiksenii__GCF_902170525.1            0.00%    passed    100.00%
  28  Yersinia_alsatica__GCF_902170395.1                 0.00%    passed    100.00%
  29  Yersinia_alsatica__GCF_902170275.1                 0.00%    passed    100.00%
  30  Yersinia_vastinensis__GCF_902170245.1              0.00%    passed    100.00%
  31  Yersinia_vastinensis__GCF_902170255.1              0.00%    passed    100.00%
  32  Yersinia_vastinensis__GCF_902170295.1              0.00%    passed    100.00%
  33  Yersinia_hibernica__GCF_902170435.1                0.28%    passed    100.00%
  34  Yersinia_intermedia__GCF_902170555.1               0.00%    passed    100.00%
  35  Yersinia_intermedia__GCF_902170445.1               0.00%    passed    100.00%
  36  Yersinia_kristensenii__GCF_902170425.1             0.00%    passed    100.00%
  37  Yersinia_thracica__GCF_902170565.1                 0.00%    passed    100.00%
  38  Yersinia_thracica__GCF_902170455.1                 0.00%    passed    100.00%
  39  Yersinia_rochesterensis__GCF_902170605.1           0.00%    passed    100.00%
  40  Yersinia_rochesterensis__GCF_902170465.1           0.00%    passed    100.00%
  41  Yersinia_massiliensis__GCF_902170615.1             0.00%    passed    100.00%
  42  Yersinia_canariae__GCF_902170775.1                 0.00%    passed    100.00%
  43  Yersinia_canariae__GCF_902170705.1                 0.00%    passed    100.00%
  44  Yersinia_artesiana__GCF_902170805.1                0.00%    passed    100.00%
  45  Yersinia_proxima__GCF_902170985.1                  0.00%    passed    100.00%
  46  Yersinia_proxima__GCF_902170815.1                  0.00%    passed    100.00%
  47  Yersinia_proxima__GCF_902170945.1                  0.00%    passed    100.00%
  48  Yersinia_pseudotuberculosis__GCA_902171145.1       0.00%    passed    100.00%
  49  Yersinia_pseudotuberculosis__GCA_902171905.1       0.00%    passed    100.00%
  50  Yersinia_pseudotuberculosis__GCA_902172005.1       0.00%    passed    100.00%
  51  Yersinia_similis__GCF_902173105.1                  0.00%    passed    100.00%
  52  Yersinia_similis__GCF_902173255.1                  0.00%    passed    100.00%
  53  Yersinia_mollaretii__GCF_902387525.1               0.00%    passed    100.00%
  54  Yersinia_artesiana__GCF_902726525.1                0.00%    passed    100.00%
  55  Yersinia_artesiana__GCF_902726545.1                0.00%    passed    100.00%
  56  Yersinia_artesiana__GCF_902726535.1                0.00%    passed    100.00%
  57  Yersinia_thracica__GCF_902726555.1                 0.00%    passed    100.00%
  58  Yersinia_rohdei__GCF_001223385.1                   0.00%    passed    100.00%
  59  Yersinia_frederiksenii__GCF_001142745.1            0.00%    passed    100.00%
  60  Yersinia_pekkanenii__GCF_001152565.1               0.00%    passed    100.00%
  61  Yersinia_mollaretii__GCF_001149645.1               0.00%    passed    100.00%
  62  Yersinia_intermedia__GCF_001218045.1               0.00%    passed    100.00%
  63  Yersinia_rohdei__GCF_001152185.1                   0.00%    passed    100.00%
  64  Yersinia_similis__GCF_001114105.1                  0.00%    passed    100.00%
  65  Yersinia_similis__GCF_001053095.1                  0.00%    passed    100.00%
  66  Yersinia_thracica__GCF_001123825.1                 0.00%    passed    100.00%
  67  Yersinia_wautersii__GCF_001319825.1                0.00%    passed    100.00%
  68  Yersinia_massiliensis__GCF_001142305.1             0.00%    passed    100.00%
  69  Yersinia_aleksiciae__GCF_001319845.1               0.00%    passed    100.00%
  70  Yersinia_similis__GCF_001140625.1                  0.00%    passed    100.00%
  71  Yersinia_intermedia__GCF_001153385.1               0.00%    passed    100.00%
  72  Yersinia_mollaretii__GCF_001220845.1               0.00%    passed    100.00%
  73  Yersinia_frederiksenii__GCF_001222845.1            0.00%    passed    100.00%
  74  Yersinia_bercovieri__GCF_001319955.1               0.00%    passed    100.00%
  75  Yersinia_enterocolitica__GCF_001220145.1           0.00%    passed    100.00%
  76  Yersinia_aldovae__GCF_000173735.1                  0.00%    passed    100.00%
  77  Yersinia_rohdei__GCF_000173775.1                   0.00%    passed    100.00%
  78  Yersinia_pestis__GCF_000324045.1                   0.00%    passed    100.00%
  79  Yersinia_pestis__GCF_000324205.1                   0.00%    passed    100.00%
  80  Yersinia_rochesterensis__GCF_000750355.1           0.00%    passed    100.00%
  81  Yersinia_hibernica__GCF_000597945.1                0.28%    passed    100.00%
  82  Yersinia_aldovae__GCF_000834395.1                  0.00%    passed    100.00%
  83  Yersinia_entomophaga__GCF_001656035.1              0.28%    passed    100.00%
  84  Yersinia_rochesterensis__GCF_000834865.1           0.00%    passed    100.00%
  85  Yersinia_ruckeri__GCF_001883155.1                  0.00%    passed    100.00%
  86  Yersinia_frederiksenii__GCF_002192835.1            0.00%    passed    100.00%
  87  Yersinia_entomophaga__GCF_002192845.1              0.28%    passed    100.00%
  88  Yersinia_rohdei__GCF_002192875.1                   0.00%    passed    100.00%
  89  Yersinia_pestis__GCF_009670355.1                   0.00%    passed    100.00%
  90  Yersinia_entomophaga__GCF_003634395.1              0.28%    passed    100.00%
  91  Yersinia_enterocolitica__GCA_028855385.1           0.00%    passed    100.00%
  92  Yersinia_hibernica__GCF_004124235.1                0.28%    passed    100.00%
  93  Yersinia_canariae__GCF_009831415.1                 0.00%    passed    100.00%
  94  Yersinia_aleksiciae__GCF_011765225.1               0.00%    passed    100.00%
  95  Yersinia_massiliensis__GCF_013282765.1             0.00%    passed    100.00%
  96  Yersinia_bercovieri__GCF_013282745.1               0.00%    passed    100.00%
  97  Yersinia_enterocolitica__GCA_028990795.1           0.00%    passed    100.00%
  98  Yersinia_ruckeri__GCF_021399095.1                  0.00%    passed    100.00%
  99  Yersinia_massiliensis__GCF_020531815.1             0.00%    passed    100.00%
 100  Yersinia_pseudotuberculosis__GCF_054862985.1       0.00%    passed    100.00%
 101  Yersinia_ruckeri__GCF_026130965.1                  0.00%    passed    100.00%
 102  Yersinia_aleksiciae__GCF_034423815.1               0.00%    passed    100.00%
 103  Yersinia_kristensenii__GCF_027946915.1             0.00%    passed    100.00%
 104  Yersinia_intermedia__GCF_026183875.1               0.00%    passed    100.00%
 105  Yersinia_massiliensis__GCF_026183385.1             0.00%    passed    100.00%
 106  Yersinia_nurmii__GCF_030385015.1                   0.28%    passed    100.00%
 107  Yersinia_rohdei__GCF_030385185.1                   0.00%    passed    100.00%
 108  Yersinia_sp.__novel_candidate___GCF_041538325.1    0.00%    passed    100.00%
 109  Yersinia_enterocolitica__GCA_032447965.1           0.00%    passed    100.00%
 110  Yersinia_ruckeri__GCA_032496425.1                  0.00%    passed    100.00%
 111  Yersinia_sp.__novel_candidate___GCF_048593885.1    0.00%    passed    100.00%
 112  Yersinia_ruckeri__GCA_039658735.1                  0.85%    passed    100.00%
 113  Yersinia_proxima__GCF_044626575.1                  0.00%    passed    100.00%
 114  Yersinia_hibernica__GCF_050253635.1                0.28%    passed    100.00%
 115  Yersinia_fenwicki__GCF_043099325.1                 0.00%    passed    100.00%
 116  Yersinia_pestis__GCA_046657265.1                   0.00%    passed    100.00%
 117  Yersinia_pestis__GCA_046675465.1                   0.00%    passed    100.00%
 118  Yersinia_vastinensis__GCF_044905075.1              0.00%    passed    100.00%
 119  Yersinia_entomophaga__GCF_050586585.1              0.28%    passed    100.00%
 120  Yersinia_enterocolitica__GCA_051625535.1           0.00%    passed    100.00%
 121  Yersinia_sp.__novel_candidate___GCF_056636475.1    0.00%    passed    100.00%
 122  Yersinia_sp.__novel_candidate___GCF_056636415.1    0.00%    passed    100.00%
 123  Yersinia_sp.__novel_candidate___GCF_056636455.1    0.00%    passed    100.00%
 124  Yersinia_proxima__GCA_057128805.1                  0.00%    passed    100.00%
****  TOTAL                                              0.03%  0 sequences failed composition chi2 test (p-value<5%; df=19)
NOTE: Yersinia_pseudotuberculosis__GCA_902171145.1 is identical to Yersinia_pseudotuberculosis__GCF_900460735.1 but kept for subsequent analysis
NOTE: Yersinia_rochesterensis__GCF_902170605.1 is identical to Yersinia_rochesterensis__GCF_946902935.1 but kept for subsequent analysis
NOTE: Yersinia_pekkanenii__GCF_001244635.1 is identical to Yersinia_pekkanenii__GCF_963868735.1 but kept for subsequent analysis
NOTE: Yersinia_bercovieri__GCF_902168545.1 is identical to Yersinia_bercovieri__GCF_963900425.1 but kept for subsequent analysis
NOTE: Yersinia_alsatica__GCF_963901175.1 is identical to Yersinia_alsatica__GCF_963900355.1 but kept for subsequent analysis
NOTE: Yersinia_kristensenii__GCF_963873565.1 is identical to Yersinia_kristensenii__GCF_963870645.1 but kept for subsequent analysis
NOTE: Yersinia_mollaretii__GCF_963900165.1 is identical to Yersinia_mollaretii__GCF_963887555.1 but kept for subsequent analysis
NOTE: Yersinia_vastinensis__GCF_902170245.1 is identical to Yersinia_vastinensis__GCF_963900675.1 but kept for subsequent analysis
NOTE: Yersinia_entomophaga__GCF_001656035.1 is identical to Yersinia_entomophaga__GCF_965137505.1 but kept for subsequent analysis
NOTE: Yersinia_nurmii__GCF_030385015.1 is identical to Yersinia_nurmii__GCF_001112925.1 but kept for subsequent analysis
NOTE: Yersinia_aldovae__GCF_902168585.1 is identical to Yersinia_aldovae__GCF_001091225.1 but kept for subsequent analysis
NOTE: Yersinia_pseudotuberculosis__GCA_902172005.1 is identical to Yersinia_wautersii__GCF_000493415.1 but kept for subsequent analysis
NOTE: Yersinia_aleksiciae__GCF_902168465.1 is identical to Yersinia_aleksiciae__GCF_902168445.1 but kept for subsequent analysis
NOTE: Yersinia_hibernica__GCF_000597945.1 is identical to Yersinia_hibernica__GCF_902170435.1 but kept for subsequent analysis
NOTE: Yersinia_intermedia__GCF_902170445.1 is identical to Yersinia_intermedia__GCF_902170555.1 but kept for subsequent analysis
NOTE: Yersinia_thracica__GCF_902170455.1 is identical to Yersinia_thracica__GCF_902170565.1 but kept for subsequent analysis
NOTE: Yersinia_massiliensis__GCF_001142305.1 is identical to Yersinia_massiliensis__GCF_902170615.1 but kept for subsequent analysis
NOTE: Yersinia_canariae__GCF_902170705.1 is identical to Yersinia_canariae__GCF_902170775.1 but kept for subsequent analysis
NOTE: Yersinia_artesiana__GCF_902726525.1 is identical to Yersinia_artesiana__GCF_902170805.1 but kept for subsequent analysis
NOTE: Yersinia_proxima__GCF_902170815.1 is identical to Yersinia_proxima__GCF_902170985.1 but kept for subsequent analysis
NOTE: Yersinia_similis__GCF_001114105.1 is identical to Yersinia_similis__GCF_902173105.1 but kept for subsequent analysis
NOTE: Yersinia_rohdei__GCF_001152185.1 is identical to Yersinia_rohdei__GCF_001223385.1 but kept for subsequent analysis
NOTE: Yersinia_enterocolitica__GCA_028855385.1 is identical to Yersinia_enterocolitica__GCF_001220145.1 but kept for subsequent analysis
NOTE: Yersinia_ruckeri__GCF_021399095.1 is identical to Yersinia_ruckeri__GCF_001883155.1 but kept for subsequent analysis
NOTE: Yersinia_sp.__novel_candidate___GCF_048593885.1 is identical to Yersinia_sp.__novel_candidate___GCF_041538325.1 but kept for subsequent analysis
Checking for duplicate sequences: done in 0.000573824 secs using 54.89% CPU
Identifying sites to remove: done in 0.000209699 secs using 61.04% CPU
NOTE: 68 identical sequences (see below) will be ignored for subsequent analysis
NOTE: Yersinia_pseudotuberculosis__GCA_902171905.1 (identical to Yersinia_pseudotuberculosis__GCF_900460735.1) is ignored but added at the end
NOTE: Yersinia_similis__GCF_902173255.1 (identical to Yersinia_pseudotuberculosis__GCF_900460735.1) is ignored but added at the end
NOTE: Yersinia_pseudotuberculosis__GCF_054862985.1 (identical to Yersinia_pseudotuberculosis__GCF_900460735.1) is ignored but added at the end
NOTE: Yersinia_rochesterensis__GCF_000750355.1 (identical to Yersinia_rochesterensis__GCF_946902935.1) is ignored but added at the end
NOTE: Yersinia_rochesterensis__GCF_000834865.1 (identical to Yersinia_rochesterensis__GCF_946902935.1) is ignored but added at the end
NOTE: Yersinia_pekkanenii__GCF_001152565.1 (identical to Yersinia_pekkanenii__GCF_963868735.1) is ignored but added at the end
NOTE: Yersinia_bercovieri__GCF_902168625.1 (identical to Yersinia_bercovieri__GCF_963900425.1) is ignored but added at the end
NOTE: Yersinia_bercovieri__GCF_001319955.1 (identical to Yersinia_bercovieri__GCF_963900425.1) is ignored but added at the end
NOTE: Yersinia_bercovieri__GCF_013282745.1 (identical to Yersinia_bercovieri__GCF_963900425.1) is ignored but added at the end
NOTE: Yersinia_alsatica__GCF_963901255.1 (identical to Yersinia_alsatica__GCF_963900355.1) is ignored but added at the end
NOTE: Yersinia_frederiksenii__GCF_900460425.1 (identical to Yersinia_alsatica__GCF_963900355.1) is ignored but added at the end
NOTE: Yersinia_frederiksenii__GCF_902170525.1 (identical to Yersinia_alsatica__GCF_963900355.1) is ignored but added at the end
NOTE: Yersinia_alsatica__GCF_902170395.1 (identical to Yersinia_alsatica__GCF_963900355.1) is ignored but added at the end
NOTE: Yersinia_alsatica__GCF_902170275.1 (identical to Yersinia_alsatica__GCF_963900355.1) is ignored but added at the end
NOTE: Yersinia_frederiksenii__GCF_001142745.1 (identical to Yersinia_alsatica__GCF_963900355.1) is ignored but added at the end
NOTE: Yersinia_frederiksenii__GCF_002192835.1 (identical to Yersinia_alsatica__GCF_963900355.1) is ignored but added at the end
NOTE: Yersinia_kristensenii__GCF_963901205.1 (identical to Yersinia_kristensenii__GCF_963870645.1) is ignored but added at the end
NOTE: Yersinia_kristensenii__GCF_902170425.1 (identical to Yersinia_kristensenii__GCF_963870645.1) is ignored but added at the end
NOTE: Yersinia_kristensenii__GCF_027946915.1 (identical to Yersinia_kristensenii__GCF_963870645.1) is ignored but added at the end
NOTE: Yersinia_mollaretii__GCF_001220845.1 (identical to Yersinia_mollaretii__GCF_963887555.1) is ignored but added at the end
NOTE: Yersinia_vastinensis__GCF_902170255.1 (identical to Yersinia_vastinensis__GCF_963900675.1) is ignored but added at the end
NOTE: Yersinia_vastinensis__GCF_902170295.1 (identical to Yersinia_vastinensis__GCF_963900675.1) is ignored but added at the end
NOTE: Yersinia_vastinensis__GCF_044905075.1 (identical to Yersinia_vastinensis__GCF_963900675.1) is ignored but added at the end
NOTE: Yersinia_entomophaga__GCF_002192845.1 (identical to Yersinia_entomophaga__GCF_965137505.1) is ignored but added at the end
NOTE: Yersinia_entomophaga__GCF_003634395.1 (identical to Yersinia_entomophaga__GCF_965137505.1) is ignored but added at the end
NOTE: Yersinia_entomophaga__GCF_050586585.1 (identical to Yersinia_entomophaga__GCF_965137505.1) is ignored but added at the end
NOTE: Yersinia_aldovae__GCF_902168475.1 (identical to Yersinia_aldovae__GCF_001091225.1) is ignored but added at the end
NOTE: Yersinia_aldovae__GCF_000173735.1 (identical to Yersinia_aldovae__GCF_001091225.1) is ignored but added at the end
NOTE: Yersinia_aldovae__GCF_000834395.1 (identical to Yersinia_aldovae__GCF_001091225.1) is ignored but added at the end
NOTE: Yersinia_wautersii__GCF_001319825.1 (identical to Yersinia_wautersii__GCF_000493415.1) is ignored but added at the end
NOTE: Yersinia_pestis__GCF_000324045.1 (identical to Yersinia_wautersii__GCF_000493415.1) is ignored but added at the end
NOTE: Yersinia_pestis__GCF_000324205.1 (identical to Yersinia_wautersii__GCF_000493415.1) is ignored but added at the end
NOTE: Yersinia_pestis__GCF_009670355.1 (identical to Yersinia_wautersii__GCF_000493415.1) is ignored but added at the end
NOTE: Yersinia_pestis__GCA_046657265.1 (identical to Yersinia_wautersii__GCF_000493415.1) is ignored but added at the end
NOTE: Yersinia_pestis__GCA_046675465.1 (identical to Yersinia_wautersii__GCF_000493415.1) is ignored but added at the end
NOTE: Yersinia_aleksiciae__GCF_001319845.1 (identical to Yersinia_aleksiciae__GCF_902168445.1) is ignored but added at the end
NOTE: Yersinia_aleksiciae__GCF_011765225.1 (identical to Yersinia_aleksiciae__GCF_902168445.1) is ignored but added at the end
NOTE: Yersinia_aleksiciae__GCF_034423815.1 (identical to Yersinia_aleksiciae__GCF_902168445.1) is ignored but added at the end
NOTE: Yersinia_hibernica__GCF_004124235.1 (identical to Yersinia_hibernica__GCF_902170435.1) is ignored but added at the end
NOTE: Yersinia_hibernica__GCF_050253635.1 (identical to Yersinia_hibernica__GCF_902170435.1) is ignored but added at the end
NOTE: Yersinia_intermedia__GCF_001218045.1 (identical to Yersinia_intermedia__GCF_902170555.1) is ignored but added at the end
NOTE: Yersinia_intermedia__GCF_001153385.1 (identical to Yersinia_intermedia__GCF_902170555.1) is ignored but added at the end
NOTE: Yersinia_intermedia__GCF_026183875.1 (identical to Yersinia_intermedia__GCF_902170555.1) is ignored but added at the end
NOTE: Yersinia_thracica__GCF_902726555.1 (identical to Yersinia_thracica__GCF_902170565.1) is ignored but added at the end
NOTE: Yersinia_thracica__GCF_001123825.1 (identical to Yersinia_thracica__GCF_902170565.1) is ignored but added at the end
NOTE: Yersinia_frederiksenii__GCF_001222845.1 (identical to Yersinia_massiliensis__GCF_902170615.1) is ignored but added at the end
NOTE: Yersinia_massiliensis__GCF_013282765.1 (identical to Yersinia_massiliensis__GCF_902170615.1) is ignored but added at the end
NOTE: Yersinia_massiliensis__GCF_020531815.1 (identical to Yersinia_massiliensis__GCF_902170615.1) is ignored but added at the end
NOTE: Yersinia_massiliensis__GCF_026183385.1 (identical to Yersinia_massiliensis__GCF_902170615.1) is ignored but added at the end
NOTE: Yersinia_canariae__GCF_009831415.1 (identical to Yersinia_canariae__GCF_902170775.1) is ignored but added at the end
NOTE: Yersinia_artesiana__GCF_902726545.1 (identical to Yersinia_artesiana__GCF_902170805.1) is ignored but added at the end
NOTE: Yersinia_artesiana__GCF_902726535.1 (identical to Yersinia_artesiana__GCF_902170805.1) is ignored but added at the end
NOTE: Yersinia_proxima__GCF_902170945.1 (identical to Yersinia_proxima__GCF_902170985.1) is ignored but added at the end
NOTE: Yersinia_proxima__GCF_044626575.1 (identical to Yersinia_proxima__GCF_902170985.1) is ignored but added at the end
NOTE: Yersinia_proxima__GCA_057128805.1 (identical to Yersinia_proxima__GCF_902170985.1) is ignored but added at the end
NOTE: Yersinia_similis__GCF_001053095.1 (identical to Yersinia_similis__GCF_902173105.1) is ignored but added at the end
NOTE: Yersinia_similis__GCF_001140625.1 (identical to Yersinia_similis__GCF_902173105.1) is ignored but added at the end
NOTE: Yersinia_rohdei__GCF_000173775.1 (identical to Yersinia_rohdei__GCF_001223385.1) is ignored but added at the end
NOTE: Yersinia_rohdei__GCF_002192875.1 (identical to Yersinia_rohdei__GCF_001223385.1) is ignored but added at the end
NOTE: Yersinia_enterocolitica__GCA_028990795.1 (identical to Yersinia_enterocolitica__GCF_001220145.1) is ignored but added at the end
NOTE: Yersinia_enterocolitica__GCA_032447965.1 (identical to Yersinia_enterocolitica__GCF_001220145.1) is ignored but added at the end
NOTE: Yersinia_fenwicki__GCF_043099325.1 (identical to Yersinia_enterocolitica__GCF_001220145.1) is ignored but added at the end
NOTE: Yersinia_enterocolitica__GCA_051625535.1 (identical to Yersinia_enterocolitica__GCF_001220145.1) is ignored but added at the end
NOTE: Yersinia_ruckeri__GCF_026130965.1 (identical to Yersinia_ruckeri__GCF_001883155.1) is ignored but added at the end
NOTE: Yersinia_ruckeri__GCA_032496425.1 (identical to Yersinia_ruckeri__GCF_001883155.1) is ignored but added at the end
NOTE: Yersinia_sp.__novel_candidate___GCF_056636475.1 (identical to Yersinia_sp.__novel_candidate___GCF_041538325.1) is ignored but added at the end
NOTE: Yersinia_sp.__novel_candidate___GCF_056636415.1 (identical to Yersinia_sp.__novel_candidate___GCF_041538325.1) is ignored but added at the end
NOTE: Yersinia_sp.__novel_candidate___GCF_056636455.1 (identical to Yersinia_sp.__novel_candidate___GCF_041538325.1) is ignored but added at the end
Alignment was printed to 07_markers/trees/recA_repr.uniqueseq.phy

For your convenience alignment with unique sequences printed to 07_markers/trees/recA_repr.uniqueseq.phy

WARNING: 24 threads for alignment length 47 will slow down analysis

Create initial parsimony tree by phylogenetic likelihood library (PLL)... 0.003 seconds
WARNING: Number of threads seems too high for short alignments. Use -T AUTO to determine best number of threads.
Perform fast likelihood tree search using LG+I+G model...
Estimate model parameters (epsilon = 5.000)
Perform nearest neighbor interchange...
Estimate model parameters (epsilon = 1.000)
1. Initial log-likelihood: -1434.528
Optimal log-likelihood: -1433.650
Proportion of invariable sites: 0.533
Gamma shape alpha: 0.071
Parameters optimization took 1 rounds (0.069 sec)
Time for fast ML tree search: 0.530 seconds

NOTE: ModelFinder requires 6 MB RAM!
ModelFinder will test up to 1232 protein models (sample size: 353 epsilon: 0.100) ...
 No. Model         -LnL         df  AIC          AICc         BIC
WARNING: 24 threads for alignment length 47 will slow down analysis
WARNING: Number of threads seems too high for short alignments. Use -T AUTO to determine best number of threads.
  1  LG            1523.125     109 3264.250     3362.933     3685.695
WARNING: 24 threads for alignment length 47 will slow down analysis
WARNING: Number of threads seems too high for short alignments. Use -T AUTO to determine best number of threads.
  2  LG+I          1431.128     110 3082.255     3183.164     3507.567
WARNING: 24 threads for alignment length 47 will slow down analysis
WARNING: Number of threads seems too high for short alignments. Use -T AUTO to determine best number of threads.
  3  LG+G4         1457.794     110 3135.587     3236.497     3560.899
WARNING: 24 threads for alignment length 47 will slow down analysis
WARNING: Number of threads seems too high for short alignments. Use -T AUTO to determine best number of threads.
  4  LG+I+G4       1427.162     111 3076.324     3179.494     3505.502
WARNING: 24 threads for alignment length 47 will slow down analysis
WARNING: Number of threads seems too high for short alignments. Use -T AUTO to determine best number of threads.
  5  LG+R2         1431.098     111 3084.196     3187.366     3513.374
WARNING: 24 threads for alignment length 47 will slow down analysis
WARNING: Number of threads seems too high for short alignments. Use -T AUTO to determine best number of threads.
  6  LG+R3         1426.526     113 3079.051     3186.851     3515.962
WARNING: 24 threads for alignment length 47 will slow down analysis
WARNING: Number of threads seems too high for short alignments. Use -T AUTO to determine best number of threads.
 14  LG+I+R2       1431.101     112 3086.202     3191.669     3519.246
WARNING: 24 threads for alignment length 47 will slow down analysis
WARNING: Number of threads seems too high for short alignments. Use -T AUTO to determine best number of threads.
 15  LG+I+R3       1426.527     114 3081.055     3191.223     3521.832
WARNING: 24 threads for alignment length 47 will slow down analysis
WARNING: Number of threads seems too high for short alignments. Use -T AUTO to determine best number of threads.
 24  LG+F+I        1404.400     129 3066.800     3217.204     3565.575
WARNING: 24 threads for alignment length 47 will slow down analysis
WARNING: Number of threads seems too high for short alignments. Use -T AUTO to determine best number of threads.
 26  LG+F+I+G4     1400.358     130 3060.717     3214.140     3563.358
WARNING: 24 threads for alignment length 47 will slow down analysis
WARNING: Number of threads seems too high for short alignments. Use -T AUTO to determine best number of threads.
 27  LG+F+R2       1404.397     130 3068.794     3222.217     3571.435
WARNING: 24 threads for alignment length 47 will slow down analysis
WARNING: Number of threads seems too high for short alignments. Use -T AUTO to determine best number of threads.
 46  WAG+I         1432.300     110 3084.600     3185.509     3509.911
WARNING: 24 threads for alignment length 47 will slow down analysis
WARNING: Number of threads seems too high for short alignments. Use -T AUTO to determine best number of threads.
 48  WAG+I+G4      1428.094     111 3078.189     3181.359     3507.367
WARNING: 24 threads for alignment length 47 will slow down analysis
WARNING: Number of threads seems too high for short alignments. Use -T AUTO to determine best number of threads.
 49  WAG+R2        1432.300     111 3086.599     3189.769     3515.777
WARNING: 24 threads for alignment length 47 will slow down analysis
WARNING: Number of threads seems too high for short alignments. Use -T AUTO to determine best number of threads.
 68  WAG+F+I       1406.647     129 3071.295     3221.698     3570.069
WARNING: 24 threads for alignment length 47 will slow down analysis
WARNING: Number of threads seems too high for short alignments. Use -T AUTO to determine best number of threads.
 70  WAG+F+I+G4    1402.658     130 3065.315     3218.739     3567.956
WARNING: 24 threads for alignment length 47 will slow down analysis
WARNING: Number of threads seems too high for short alignments. Use -T AUTO to determine best number of threads.
 71  WAG+F+R2      1406.647     130 3073.294     3226.718     3575.935
WARNING: 24 threads for alignment length 47 will slow down analysis
WARNING: Number of threads seems too high for short alignments. Use -T AUTO to determine best number of threads.
 90  JTT+I         1420.069     110 3060.138     3161.047     3485.450
WARNING: 24 threads for alignment length 47 will slow down analysis
WARNING: Number of threads seems too high for short alignments. Use -T AUTO to determine best number of threads.
 92  JTT+I+G4      1416.682     111 3055.363     3158.533     3484.541
WARNING: 24 threads for alignment length 47 will slow down analysis
WARNING: Number of threads seems too high for short alignments. Use -T AUTO to determine best number of threads.
 93  JTT+R2        1420.069     111 3062.138     3165.308     3491.316
WARNING: 24 threads for alignment length 47 will slow down analysis
WARNING: Number of threads seems too high for short alignments. Use -T AUTO to determine best number of threads.
112  JTT+F+I       1390.707     129 3039.414     3189.817     3538.188
WARNING: 24 threads for alignment length 47 will slow down analysis
WARNING: Number of threads seems too high for short alignments. Use -T AUTO to determine best number of threads.
114  JTT+F+I+G4    1387.799     130 3035.598     3189.021     3538.239
WARNING: 24 threads for alignment length 47 will slow down analysis
WARNING: Number of threads seems too high for short alignments. Use -T AUTO to determine best number of threads.
115  JTT+F+R2      1390.707     130 3041.413     3194.837     3544.054
WARNING: 24 threads for alignment length 47 will slow down analysis
WARNING: Number of threads seems too high for short alignments. Use -T AUTO to determine best number of threads.
134  Q.PFAM+I      1428.371     110 3076.741     3177.651     3502.053
WARNING: 24 threads for alignment length 47 will slow down analysis
WARNING: Number of threads seems too high for short alignments. Use -T AUTO to determine best number of threads.
136  Q.PFAM+I+G4   1424.484     111 3070.968     3174.138     3500.146
WARNING: 24 threads for alignment length 47 will slow down analysis
WARNING: Number of threads seems too high for short alignments. Use -T AUTO to determine best number of threads.
137  Q.PFAM+R2     1428.370     111 3078.740     3181.910     3507.918
WARNING: 24 threads for alignment length 47 will slow down analysis
WARNING: Number of threads seems too high for short alignments. Use -T AUTO to determine best number of threads.
156  Q.PFAM+F+I    1403.260     129 3064.521     3214.925     3563.295
WARNING: 24 threads for alignment length 47 will slow down analysis
WARNING: Number of threads seems too high for short alignments. Use -T AUTO to determine best number of threads.
158  Q.PFAM+F+I+G4 1399.646     130 3059.292     3212.716     3561.933
WARNING: 24 threads for alignment length 47 will slow down analysis
WARNING: Number of threads seems too high for short alignments. Use -T AUTO to determine best number of threads.
159  Q.PFAM+F+R2   1403.261     130 3066.521     3219.945     3569.162
WARNING: 24 threads for alignment length 47 will slow down analysis
WARNING: Number of threads seems too high for short alignments. Use -T AUTO to determine best number of threads.
178  Q.BIRD+I      1424.412     110 3068.824     3169.733     3494.135
WARNING: 24 threads for alignment length 47 will slow down analysis
WARNING: Number of threads seems too high for short alignments. Use -T AUTO to determine best number of threads.
180  Q.BIRD+I+G4   1421.206     111 3064.412     3167.582     3493.590
WARNING: 24 threads for alignment length 47 will slow down analysis
WARNING: Number of threads seems too high for short alignments. Use -T AUTO to determine best number of threads.
181  Q.BIRD+R2     1424.412     111 3070.824     3173.994     3500.002
WARNING: 24 threads for alignment length 47 will slow down analysis
WARNING: Number of threads seems too high for short alignments. Use -T AUTO to determine best number of threads.
200  Q.BIRD+F+I    1381.515     129 3021.031     3171.434     3519.805
WARNING: 24 threads for alignment length 47 will slow down analysis
WARNING: Number of threads seems too high for short alignments. Use -T AUTO to determine best number of threads.
202  Q.BIRD+F+I+G4 1379.656     130 3019.313     3172.736     3521.953
WARNING: 24 threads for alignment length 47 will slow down analysis
WARNING: Number of threads seems too high for short alignments. Use -T AUTO to determine best number of threads.
203  Q.BIRD+F+R2   1381.512     130 3023.024     3176.447     3525.664
WARNING: 24 threads for alignment length 47 will slow down analysis
WARNING: Number of threads seems too high for short alignments. Use -T AUTO to determine best number of threads.
222  Q.MAMMAL+I    1430.165     110 3080.330     3181.239     3505.642
WARNING: 24 threads for alignment length 47 will slow down analysis
WARNING: Number of threads seems too high for short alignments. Use -T AUTO to determine best number of threads.
224  Q.MAMMAL+I+G4 1426.653     111 3075.305     3178.475     3504.483
WARNING: 24 threads for alignment length 47 will slow down analysis
WARNING: Number of threads seems too high for short alignments. Use -T AUTO to determine best number of threads.
225  Q.MAMMAL+R2   1430.164     111 3082.327     3185.497     3511.505
WARNING: 24 threads for alignment length 47 will slow down analysis
WARNING: Number of threads seems too high for short alignments. Use -T AUTO to determine best number of threads.
244  Q.MAMMAL+F+I  1383.892     129 3025.784     3176.188     3524.559
WARNING: 24 threads for alignment length 47 will slow down analysis
WARNING: Number of threads seems too high for short alignments. Use -T AUTO to determine best number of threads.
246  Q.MAMMAL+F+I+G4 1381.662     130 3023.324     3176.748     3525.965
WARNING: 24 threads for alignment length 47 will slow down analysis
WARNING: Number of threads seems too high for short alignments. Use -T AUTO to determine best number of threads.
247  Q.MAMMAL+F+R2 1383.892     130 3027.783     3181.207     3530.424
WARNING: 24 threads for alignment length 47 will slow down analysis
WARNING: Number of threads seems too high for short alignments. Use -T AUTO to determine best number of threads.
266  Q.INSECT+I    1437.790     110 3095.579     3196.488     3520.891
WARNING: 24 threads for alignment length 47 will slow down analysis
WARNING: Number of threads seems too high for short alignments. Use -T AUTO to determine best number of threads.
268  Q.INSECT+I+G4 1434.106     111 3090.213     3193.383     3519.391
WARNING: 24 threads for alignment length 47 will slow down analysis
WARNING: Number of threads seems too high for short alignments. Use -T AUTO to determine best number of threads.
269  Q.INSECT+R2   1437.787     111 3097.574     3200.744     3526.752
WARNING: 24 threads for alignment length 47 will slow down analysis
WARNING: Number of threads seems too high for short alignments. Use -T AUTO to determine best number of threads.
288  Q.INSECT+F+I  1396.352     129 3050.705     3201.108     3549.479
WARNING: 24 threads for alignment length 47 will slow down analysis
WARNING: Number of threads seems too high for short alignments. Use -T AUTO to determine best number of threads.
290  Q.INSECT+F+I+G4 1392.776     130 3045.551     3198.975     3548.192
WARNING: 24 threads for alignment length 47 will slow down analysis
WARNING: Number of threads seems too high for short alignments. Use -T AUTO to determine best number of threads.
291  Q.INSECT+F+R2 1396.353     130 3052.705     3206.129     3555.346
WARNING: 24 threads for alignment length 47 will slow down analysis
WARNING: Number of threads seems too high for short alignments. Use -T AUTO to determine best number of threads.
310  Q.PLANT+I     1417.409     110 3054.818     3155.728     3480.130
WARNING: 24 threads for alignment length 47 will slow down analysis
WARNING: Number of threads seems too high for short alignments. Use -T AUTO to determine best number of threads.
312  Q.PLANT+I+G4  1413.605     111 3049.210     3152.380     3478.388
WARNING: 24 threads for alignment length 47 will slow down analysis
WARNING: Number of threads seems too high for short alignments. Use -T AUTO to determine best number of threads.
313  Q.PLANT+R2    1417.409     111 3056.818     3159.988     3485.996
WARNING: 24 threads for alignment length 47 will slow down analysis
WARNING: Number of threads seems too high for short alignments. Use -T AUTO to determine best number of threads.
332  Q.PLANT+F+I   1387.996     129 3033.992     3184.396     3532.766
WARNING: 24 threads for alignment length 47 will slow down analysis
WARNING: Number of threads seems too high for short alignments. Use -T AUTO to determine best number of threads.
334  Q.PLANT+F+I+G4 1384.661     130 3029.322     3182.745     3531.962
WARNING: 24 threads for alignment length 47 will slow down analysis
WARNING: Number of threads seems too high for short alignments. Use -T AUTO to determine best number of threads.
335  Q.PLANT+F+R2  1387.996     130 3035.992     3189.415     3538.633
WARNING: 24 threads for alignment length 47 will slow down analysis
WARNING: Number of threads seems too high for short alignments. Use -T AUTO to determine best number of threads.
354  Q.YEAST+I     1441.190     110 3102.381     3203.290     3527.692
WARNING: 24 threads for alignment length 47 will slow down analysis
WARNING: Number of threads seems too high for short alignments. Use -T AUTO to determine best number of threads.
356  Q.YEAST+I+G4  1437.571     111 3097.142     3200.312     3526.320
WARNING: 24 threads for alignment length 47 will slow down analysis
WARNING: Number of threads seems too high for short alignments. Use -T AUTO to determine best number of threads.
357  Q.YEAST+R2    1441.190     111 3104.380     3207.550     3533.558
WARNING: 24 threads for alignment length 47 will slow down analysis
WARNING: Number of threads seems too high for short alignments. Use -T AUTO to determine best number of threads.
376  Q.YEAST+F+I   1397.913     129 3053.826     3204.230     3552.601
WARNING: 24 threads for alignment length 47 will slow down analysis
WARNING: Number of threads seems too high for short alignments. Use -T AUTO to determine best number of threads.
378  Q.YEAST+F+I+G4 1394.434     130 3048.868     3202.291     3551.508
WARNING: 24 threads for alignment length 47 will slow down analysis
WARNING: Number of threads seems too high for short alignments. Use -T AUTO to determine best number of threads.
379  Q.YEAST+F+R2  1397.913     130 3055.827     3209.250     3558.467
WARNING: 24 threads for alignment length 47 will slow down analysis
WARNING: Number of threads seems too high for short alignments. Use -T AUTO to determine best number of threads.
398  JTTDCMUT+I    1420.478     110 3060.955     3161.864     3486.267
WARNING: 24 threads for alignment length 47 will slow down analysis
WARNING: Number of threads seems too high for short alignments. Use -T AUTO to determine best number of threads.
400  JTTDCMUT+I+G4 1417.009     111 3056.018     3159.188     3485.196
WARNING: 24 threads for alignment length 47 will slow down analysis
WARNING: Number of threads seems too high for short alignments. Use -T AUTO to determine best number of threads.
401  JTTDCMUT+R2   1420.478     111 3062.955     3166.126     3492.133
WARNING: 24 threads for alignment length 47 will slow down analysis
WARNING: Number of threads seems too high for short alignments. Use -T AUTO to determine best number of threads.
420  JTTDCMUT+F+I  1391.062     129 3040.124     3190.528     3538.899
WARNING: 24 threads for alignment length 47 will slow down analysis
WARNING: Number of threads seems too high for short alignments. Use -T AUTO to determine best number of threads.
422  JTTDCMUT+F+I+G4 1388.068     130 3036.135     3189.558     3538.776
WARNING: 24 threads for alignment length 47 will slow down analysis
WARNING: Number of threads seems too high for short alignments. Use -T AUTO to determine best number of threads.
423  JTTDCMUT+F+R2 1391.062     130 3042.123     3195.547     3544.764
WARNING: 24 threads for alignment length 47 will slow down analysis
WARNING: Number of threads seems too high for short alignments. Use -T AUTO to determine best number of threads.
442  DCMUT+I       1438.178     110 3096.355     3197.264     3521.667
WARNING: 24 threads for alignment length 47 will slow down analysis
WARNING: Number of threads seems too high for short alignments. Use -T AUTO to determine best number of threads.
444  DCMUT+I+G4    1433.020     111 3088.040     3191.210     3517.218
WARNING: 24 threads for alignment length 47 will slow down analysis
WARNING: Number of threads seems too high for short alignments. Use -T AUTO to determine best number of threads.
445  DCMUT+R2      1438.176     111 3098.351     3201.521     3527.529
WARNING: 24 threads for alignment length 47 will slow down analysis
WARNING: Number of threads seems too high for short alignments. Use -T AUTO to determine best number of threads.
464  DCMUT+F+I     1400.566     129 3059.133     3209.536     3557.907
WARNING: 24 threads for alignment length 47 will slow down analysis
WARNING: Number of threads seems too high for short alignments. Use -T AUTO to determine best number of threads.
466  DCMUT+F+I+G4  1395.930     130 3051.860     3205.284     3554.501
WARNING: 24 threads for alignment length 47 will slow down analysis
WARNING: Number of threads seems too high for short alignments. Use -T AUTO to determine best number of threads.
467  DCMUT+F+R2    1400.566     130 3061.131     3214.555     3563.772
WARNING: 24 threads for alignment length 47 will slow down analysis
WARNING: Number of threads seems too high for short alignments. Use -T AUTO to determine best number of threads.
486  VT+I          1432.645     110 3085.290     3186.200     3510.602
WARNING: 24 threads for alignment length 47 will slow down analysis
WARNING: Number of threads seems too high for short alignments. Use -T AUTO to determine best number of threads.
488  VT+I+G4       1429.430     111 3080.860     3184.030     3510.038
WARNING: 24 threads for alignment length 47 will slow down analysis
WARNING: Number of threads seems too high for short alignments. Use -T AUTO to determine best number of threads.
489  VT+R2         1432.639     111 3087.279     3190.449     3516.457
WARNING: 24 threads for alignment length 47 will slow down analysis
WARNING: Number of threads seems too high for short alignments. Use -T AUTO to determine best number of threads.
508  VT+F+I        1404.896     129 3067.791     3218.195     3566.566
WARNING: 24 threads for alignment length 47 will slow down analysis
WARNING: Number of threads seems too high for short alignments. Use -T AUTO to determine best number of threads.
510  VT+F+I+G4     1401.812     130 3063.624     3217.047     3566.265
WARNING: 24 threads for alignment length 47 will slow down analysis
WARNING: Number of threads seems too high for short alignments. Use -T AUTO to determine best number of threads.
511  VT+F+R2       1404.895     130 3069.789     3223.213     3572.430
WARNING: 24 threads for alignment length 47 will slow down analysis
WARNING: Number of threads seems too high for short alignments. Use -T AUTO to determine best number of threads.
530  PMB+I         1452.377     110 3124.755     3225.664     3550.066
WARNING: 24 threads for alignment length 47 will slow down analysis
WARNING: Number of threads seems too high for short alignments. Use -T AUTO to determine best number of threads.
532  PMB+I+G4      1448.916     111 3119.831     3223.001     3549.009
WARNING: 24 threads for alignment length 47 will slow down analysis
WARNING: Number of threads seems too high for short alignments. Use -T AUTO to determine best number of threads.
533  PMB+R2        1452.376     111 3126.752     3229.922     3555.930
WARNING: 24 threads for alignment length 47 will slow down analysis
WARNING: Number of threads seems too high for short alignments. Use -T AUTO to determine best number of threads.
552  PMB+F+I       1416.696     129 3091.392     3241.796     3590.167
WARNING: 24 threads for alignment length 47 will slow down analysis
WARNING: Number of threads seems too high for short alignments. Use -T AUTO to determine best number of threads.
554  PMB+F+I+G4    1413.173     130 3086.346     3239.769     3588.987
WARNING: 24 threads for alignment length 47 will slow down analysis
WARNING: Number of threads seems too high for short alignments. Use -T AUTO to determine best number of threads.
555  PMB+F+R2      1416.696     130 3093.392     3246.815     3596.032
WARNING: 24 threads for alignment length 47 will slow down analysis
WARNING: Number of threads seems too high for short alignments. Use -T AUTO to determine best number of threads.
574  BLOSUM62+I    1449.091     110 3118.182     3219.091     3543.493
WARNING: 24 threads for alignment length 47 will slow down analysis
WARNING: Number of threads seems too high for short alignments. Use -T AUTO to determine best number of threads.
576  BLOSUM62+I+G4 1445.646     111 3113.292     3216.462     3542.470
WARNING: 24 threads for alignment length 47 will slow down analysis
WARNING: Number of threads seems too high for short alignments. Use -T AUTO to determine best number of threads.
577  BLOSUM62+R2   1449.091     111 3120.182     3223.352     3549.360
WARNING: 24 threads for alignment length 47 will slow down analysis
WARNING: Number of threads seems too high for short alignments. Use -T AUTO to determine best number of threads.
596  BLOSUM62+F+I  1419.615     129 3097.230     3247.634     3596.004
WARNING: 24 threads for alignment length 47 will slow down analysis
WARNING: Number of threads seems too high for short alignments. Use -T AUTO to determine best number of threads.
598  BLOSUM62+F+I+G4 1416.113     130 3092.226     3245.649     3594.867
WARNING: 24 threads for alignment length 47 will slow down analysis
WARNING: Number of threads seems too high for short alignments. Use -T AUTO to determine best number of threads.
599  BLOSUM62+F+R2 1419.615     130 3099.230     3252.653     3601.871
WARNING: 24 threads for alignment length 47 will slow down analysis
WARNING: Number of threads seems too high for short alignments. Use -T AUTO to determine best number of threads.
618  DAYHOFF+I     1438.084     110 3096.167     3197.077     3521.479
WARNING: 24 threads for alignment length 47 will slow down analysis
WARNING: Number of threads seems too high for short alignments. Use -T AUTO to determine best number of threads.
620  DAYHOFF+I+G4  1432.890     111 3087.780     3190.950     3516.958
WARNING: 24 threads for alignment length 47 will slow down analysis
WARNING: Number of threads seems too high for short alignments. Use -T AUTO to determine best number of threads.
621  DAYHOFF+R2    1438.078     111 3098.156     3201.326     3527.334
WARNING: 24 threads for alignment length 47 will slow down analysis
WARNING: Number of threads seems too high for short alignments. Use -T AUTO to determine best number of threads.
640  DAYHOFF+F+I   1400.472     129 3058.945     3209.348     3557.719
WARNING: 24 threads for alignment length 47 will slow down analysis
WARNING: Number of threads seems too high for short alignments. Use -T AUTO to determine best number of threads.
642  DAYHOFF+F+I+G4 1395.814     130 3051.628     3205.052     3554.269
WARNING: 24 threads for alignment length 47 will slow down analysis
WARNING: Number of threads seems too high for short alignments. Use -T AUTO to determine best number of threads.
643  DAYHOFF+F+R2  1400.471     130 3060.942     3214.366     3563.583
WARNING: 24 threads for alignment length 47 will slow down analysis
WARNING: Number of threads seems too high for short alignments. Use -T AUTO to determine best number of threads.
662  MTREV+I       1511.047     110 3242.094     3343.003     3667.405
WARNING: 24 threads for alignment length 47 will slow down analysis
WARNING: Number of threads seems too high for short alignments. Use -T AUTO to determine best number of threads.
664  MTREV+I+G4    1504.987     111 3231.975     3335.145     3661.153
WARNING: 24 threads for alignment length 47 will slow down analysis
WARNING: Number of threads seems too high for short alignments. Use -T AUTO to determine best number of threads.
665  MTREV+R2      1511.043     111 3244.086     3347.256     3673.264
WARNING: 24 threads for alignment length 47 will slow down analysis
WARNING: Number of threads seems too high for short alignments. Use -T AUTO to determine best number of threads.
684  MTREV+F+I     1411.388     129 3080.776     3231.180     3579.551
WARNING: 24 threads for alignment length 47 will slow down analysis
WARNING: Number of threads seems too high for short alignments. Use -T AUTO to determine best number of threads.
686  MTREV+F+I+G4  1405.143     130 3070.286     3223.710     3572.927
WARNING: 24 threads for alignment length 47 will slow down analysis
WARNING: Number of threads seems too high for short alignments. Use -T AUTO to determine best number of threads.
687  MTREV+F+R2    1411.387     130 3082.773     3236.197     3585.414
WARNING: 24 threads for alignment length 47 will slow down analysis
WARNING: Number of threads seems too high for short alignments. Use -T AUTO to determine best number of threads.
706  MTART+I       1530.356     110 3280.712     3381.622     3706.024
WARNING: 24 threads for alignment length 47 will slow down analysis
WARNING: Number of threads seems too high for short alignments. Use -T AUTO to determine best number of threads.
708  MTART+I+G4    1521.103     111 3264.205     3367.375     3693.383
WARNING: 24 threads for alignment length 47 will slow down analysis
WARNING: Number of threads seems too high for short alignments. Use -T AUTO to determine best number of threads.
709  MTART+R2      1530.355     111 3282.710     3385.881     3711.888
WARNING: 24 threads for alignment length 47 will slow down analysis
WARNING: Number of threads seems too high for short alignments. Use -T AUTO to determine best number of threads.
728  MTART+F+I     1422.304     129 3102.607     3253.011     3601.382
WARNING: 24 threads for alignment length 47 will slow down analysis
WARNING: Number of threads seems too high for short alignments. Use -T AUTO to determine best number of threads.
730  MTART+F+I+G4  1412.995     130 3085.990     3239.414     3588.631
WARNING: 24 threads for alignment length 47 will slow down analysis
WARNING: Number of threads seems too high for short alignments. Use -T AUTO to determine best number of threads.
731  MTART+F+R2    1422.301     130 3104.603     3258.026     3607.244
WARNING: 24 threads for alignment length 47 will slow down analysis
WARNING: Number of threads seems too high for short alignments. Use -T AUTO to determine best number of threads.
750  MTZOA+I       1497.243     110 3214.487     3315.396     3639.798
WARNING: 24 threads for alignment length 47 will slow down analysis
WARNING: Number of threads seems too high for short alignments. Use -T AUTO to determine best number of threads.
752  MTZOA+I+G4    1492.856     111 3207.713     3310.883     3636.891
WARNING: 24 threads for alignment length 47 will slow down analysis
WARNING: Number of threads seems too high for short alignments. Use -T AUTO to determine best number of threads.
753  MTZOA+R2      1497.242     111 3216.484     3319.654     3645.662
WARNING: 24 threads for alignment length 47 will slow down analysis
WARNING: Number of threads seems too high for short alignments. Use -T AUTO to determine best number of threads.
772  MTZOA+F+I     1404.537     129 3067.075     3217.478     3565.849
WARNING: 24 threads for alignment length 47 will slow down analysis
WARNING: Number of threads seems too high for short alignments. Use -T AUTO to determine best number of threads.
774  MTZOA+F+I+G4  1400.104     130 3060.208     3213.632     3562.849
WARNING: 24 threads for alignment length 47 will slow down analysis
WARNING: Number of threads seems too high for short alignments. Use -T AUTO to determine best number of threads.
775  MTZOA+F+R2    1404.536     130 3069.072     3222.495     3571.713
WARNING: 24 threads for alignment length 47 will slow down analysis
WARNING: Number of threads seems too high for short alignments. Use -T AUTO to determine best number of threads.
794  MTMET+I       1507.927     110 3235.855     3336.764     3661.166
WARNING: 24 threads for alignment length 47 will slow down analysis
WARNING: Number of threads seems too high for short alignments. Use -T AUTO to determine best number of threads.
796  MTMET+I+G4    1505.518     111 3233.035     3336.206     3662.213
WARNING: 24 threads for alignment length 47 will slow down analysis
WARNING: Number of threads seems too high for short alignments. Use -T AUTO to determine best number of threads.
797  MTMET+R2      1507.928     111 3237.855     3341.026     3667.033
WARNING: 24 threads for alignment length 47 will slow down analysis
WARNING: Number of threads seems too high for short alignments. Use -T AUTO to determine best number of threads.
816  MTMET+F+I     1388.828     129 3035.655     3186.059     3534.430
WARNING: 24 threads for alignment length 47 will slow down analysis
WARNING: Number of threads seems too high for short alignments. Use -T AUTO to determine best number of threads.
818  MTMET+F+I+G4  1386.567     130 3033.134     3186.557     3535.775
WARNING: 24 threads for alignment length 47 will slow down analysis
WARNING: Number of threads seems too high for short alignments. Use -T AUTO to determine best number of threads.
819  MTMET+F+R2    1388.828     130 3037.655     3191.078     3540.296
WARNING: 24 threads for alignment length 47 will slow down analysis
WARNING: Number of threads seems too high for short alignments. Use -T AUTO to determine best number of threads.
838  MTVER+I       1496.633     110 3213.267     3314.176     3638.578
WARNING: 24 threads for alignment length 47 will slow down analysis
WARNING: Number of threads seems too high for short alignments. Use -T AUTO to determine best number of threads.
840  MTVER+I+G4    1494.116     111 3210.233     3313.403     3639.411
WARNING: 24 threads for alignment length 47 will slow down analysis
WARNING: Number of threads seems too high for short alignments. Use -T AUTO to determine best number of threads.
841  MTVER+R2      1496.630     111 3215.259     3318.430     3644.437
WARNING: 24 threads for alignment length 47 will slow down analysis
WARNING: Number of threads seems too high for short alignments. Use -T AUTO to determine best number of threads.
860  MTVER+F+I     1389.726     129 3037.452     3187.855     3536.226
WARNING: 24 threads for alignment length 47 will slow down analysis
WARNING: Number of threads seems too high for short alignments. Use -T AUTO to determine best number of threads.
862  MTVER+F+I+G4  1387.027     130 3034.054     3187.477     3536.695
WARNING: 24 threads for alignment length 47 will slow down analysis
WARNING: Number of threads seems too high for short alignments. Use -T AUTO to determine best number of threads.
863  MTVER+F+R2    1389.724     130 3039.448     3192.871     3542.089
WARNING: 24 threads for alignment length 47 will slow down analysis
WARNING: Number of threads seems too high for short alignments. Use -T AUTO to determine best number of threads.
882  MTINV+I       1540.386     110 3300.772     3401.681     3726.083
WARNING: 24 threads for alignment length 47 will slow down analysis
WARNING: Number of threads seems too high for short alignments. Use -T AUTO to determine best number of threads.
884  MTINV+I+G4    1537.835     111 3297.670     3400.840     3726.848
WARNING: 24 threads for alignment length 47 will slow down analysis
WARNING: Number of threads seems too high for short alignments. Use -T AUTO to determine best number of threads.
885  MTINV+R2      1540.381     111 3302.763     3405.933     3731.941
WARNING: 24 threads for alignment length 47 will slow down analysis
WARNING: Number of threads seems too high for short alignments. Use -T AUTO to determine best number of threads.
904  MTINV+F+I     1397.262     129 3052.524     3202.928     3551.299
WARNING: 24 threads for alignment length 47 will slow down analysis
WARNING: Number of threads seems too high for short alignments. Use -T AUTO to determine best number of threads.
906  MTINV+F+I+G4  1394.201     130 3048.403     3201.826     3551.043
WARNING: 24 threads for alignment length 47 will slow down analysis
WARNING: Number of threads seems too high for short alignments. Use -T AUTO to determine best number of threads.
907  MTINV+F+R2    1397.262     130 3054.524     3207.947     3557.164
WARNING: 24 threads for alignment length 47 will slow down analysis
WARNING: Number of threads seems too high for short alignments. Use -T AUTO to determine best number of threads.
926  MTMAM+I       1518.760     110 3257.521     3358.430     3682.832
WARNING: 24 threads for alignment length 47 will slow down analysis
WARNING: Number of threads seems too high for short alignments. Use -T AUTO to determine best number of threads.
928  MTMAM+I+G4    1509.833     111 3241.666     3344.836     3670.844
WARNING: 24 threads for alignment length 47 will slow down analysis
WARNING: Number of threads seems too high for short alignments. Use -T AUTO to determine best number of threads.
929  MTMAM+R2      1518.742     111 3259.484     3362.654     3688.662
WARNING: 24 threads for alignment length 47 will slow down analysis
WARNING: Number of threads seems too high for short alignments. Use -T AUTO to determine best number of threads.
948  MTMAM+F+I     1413.175     129 3084.350     3234.753     3583.124
WARNING: 24 threads for alignment length 47 will slow down analysis
WARNING: Number of threads seems too high for short alignments. Use -T AUTO to determine best number of threads.
950  MTMAM+F+I+G4  1405.019     130 3070.037     3223.461     3572.678
WARNING: 24 threads for alignment length 47 will slow down analysis
WARNING: Number of threads seems too high for short alignments. Use -T AUTO to determine best number of threads.
951  MTMAM+F+R2    1413.173     130 3086.346     3239.769     3588.987
WARNING: 24 threads for alignment length 47 will slow down analysis
WARNING: Number of threads seems too high for short alignments. Use -T AUTO to determine best number of threads.
970  FLAVI+I       1412.809     110 3045.618     3146.527     3470.930
WARNING: 24 threads for alignment length 47 will slow down analysis
WARNING: Number of threads seems too high for short alignments. Use -T AUTO to determine best number of threads.
972  FLAVI+I+G4    1411.341     111 3044.682     3147.852     3473.860
WARNING: 24 threads for alignment length 47 will slow down analysis
WARNING: Number of threads seems too high for short alignments. Use -T AUTO to determine best number of threads.
973  FLAVI+R2      1412.800     111 3047.599     3150.769     3476.777
WARNING: 24 threads for alignment length 47 will slow down analysis
WARNING: Number of threads seems too high for short alignments. Use -T AUTO to determine best number of threads.
992  FLAVI+F+I     1383.192     129 3024.384     3174.788     3523.159
WARNING: 24 threads for alignment length 47 will slow down analysis
WARNING: Number of threads seems too high for short alignments. Use -T AUTO to determine best number of threads.
994  FLAVI+F+I+G4  1381.839     130 3023.677     3177.101     3526.318
WARNING: 24 threads for alignment length 47 will slow down analysis
WARNING: Number of threads seems too high for short alignments. Use -T AUTO to determine best number of threads.
995  FLAVI+F+R2    1383.191     130 3026.383     3179.806     3529.024
WARNING: 24 threads for alignment length 47 will slow down analysis
WARNING: Number of threads seems too high for short alignments. Use -T AUTO to determine best number of threads.
1014  HIVB+I        1425.066     110 3070.133     3171.042     3495.444
WARNING: 24 threads for alignment length 47 will slow down analysis
WARNING: Number of threads seems too high for short alignments. Use -T AUTO to determine best number of threads.
1016  HIVB+I+G4     1421.967     111 3065.935     3169.105     3495.113
WARNING: 24 threads for alignment length 47 will slow down analysis
WARNING: Number of threads seems too high for short alignments. Use -T AUTO to determine best number of threads.
1017  HIVB+R2       1425.061     111 3072.122     3175.292     3501.299
WARNING: 24 threads for alignment length 47 will slow down analysis
WARNING: Number of threads seems too high for short alignments. Use -T AUTO to determine best number of threads.
1036  HIVB+F+I      1385.564     129 3029.128     3179.532     3527.903
WARNING: 24 threads for alignment length 47 will slow down analysis
WARNING: Number of threads seems too high for short alignments. Use -T AUTO to determine best number of threads.
1038  HIVB+F+I+G4   1383.081     130 3026.161     3179.585     3528.802
WARNING: 24 threads for alignment length 47 will slow down analysis
WARNING: Number of threads seems too high for short alignments. Use -T AUTO to determine best number of threads.
1039  HIVB+F+R2     1385.565     130 3031.130     3184.554     3533.771
WARNING: 24 threads for alignment length 47 will slow down analysis
WARNING: Number of threads seems too high for short alignments. Use -T AUTO to determine best number of threads.
1058  HIVW+I        1452.598     110 3125.197     3226.106     3550.508
WARNING: 24 threads for alignment length 47 will slow down analysis
WARNING: Number of threads seems too high for short alignments. Use -T AUTO to determine best number of threads.
1060  HIVW+I+G4     1449.412     111 3120.823     3223.993     3550.001
WARNING: 24 threads for alignment length 47 will slow down analysis
WARNING: Number of threads seems too high for short alignments. Use -T AUTO to determine best number of threads.
1061  HIVW+R2       1452.599     111 3127.197     3230.367     3556.375
WARNING: 24 threads for alignment length 47 will slow down analysis
WARNING: Number of threads seems too high for short alignments. Use -T AUTO to determine best number of threads.
1080  HIVW+F+I      1389.861     129 3037.723     3188.126     3536.497
WARNING: 24 threads for alignment length 47 will slow down analysis
WARNING: Number of threads seems too high for short alignments. Use -T AUTO to determine best number of threads.
1082  HIVW+F+I+G4   1387.811     130 3035.623     3189.046     3538.263
WARNING: 24 threads for alignment length 47 will slow down analysis
WARNING: Number of threads seems too high for short alignments. Use -T AUTO to determine best number of threads.
1083  HIVW+F+R2     1389.862     130 3039.724     3193.147     3542.365
WARNING: 24 threads for alignment length 47 will slow down analysis
WARNING: Number of threads seems too high for short alignments. Use -T AUTO to determine best number of threads.
1102  FLU+I         1437.500     110 3095.000     3195.909     3520.311
WARNING: 24 threads for alignment length 47 will slow down analysis
WARNING: Number of threads seems too high for short alignments. Use -T AUTO to determine best number of threads.
1104  FLU+I+G4      1433.805     111 3089.610     3192.780     3518.788
WARNING: 24 threads for alignment length 47 will slow down analysis
WARNING: Number of threads seems too high for short alignments. Use -T AUTO to determine best number of threads.
1105  FLU+R2        1437.500     111 3097.001     3200.171     3526.179
WARNING: 24 threads for alignment length 47 will slow down analysis
WARNING: Number of threads seems too high for short alignments. Use -T AUTO to determine best number of threads.
1124  FLU+F+I       1386.632     129 3031.264     3181.667     3530.038
WARNING: 24 threads for alignment length 47 will slow down analysis
WARNING: Number of threads seems too high for short alignments. Use -T AUTO to determine best number of threads.
1126  FLU+F+I+G4    1383.759     130 3027.518     3180.941     3530.159
WARNING: 24 threads for alignment length 47 will slow down analysis
WARNING: Number of threads seems too high for short alignments. Use -T AUTO to determine best number of threads.
1127  FLU+F+R2      1386.632     130 3033.264     3186.688     3535.905
WARNING: 24 threads for alignment length 47 will slow down analysis
WARNING: Number of threads seems too high for short alignments. Use -T AUTO to determine best number of threads.
1146  RTREV+I       1448.405     110 3116.811     3217.720     3542.122
WARNING: 24 threads for alignment length 47 will slow down analysis
WARNING: Number of threads seems too high for short alignments. Use -T AUTO to determine best number of threads.
1148  RTREV+I+G4    1444.176     111 3110.353     3213.523     3539.531
WARNING: 24 threads for alignment length 47 will slow down analysis
WARNING: Number of threads seems too high for short alignments. Use -T AUTO to determine best number of threads.
1149  RTREV+R2      1448.406     111 3118.811     3221.981     3547.989
WARNING: 24 threads for alignment length 47 will slow down analysis
WARNING: Number of threads seems too high for short alignments. Use -T AUTO to determine best number of threads.
1168  RTREV+F+I     1404.187     129 3066.374     3216.778     3565.149
WARNING: 24 threads for alignment length 47 will slow down analysis
WARNING: Number of threads seems too high for short alignments. Use -T AUTO to determine best number of threads.
1170  RTREV+F+I+G4  1399.995     130 3059.990     3213.414     3562.631
WARNING: 24 threads for alignment length 47 will slow down analysis
WARNING: Number of threads seems too high for short alignments. Use -T AUTO to determine best number of threads.
1171  RTREV+F+R2    1404.187     130 3068.375     3221.798     3571.015
WARNING: 24 threads for alignment length 47 will slow down analysis
WARNING: Number of threads seems too high for short alignments. Use -T AUTO to determine best number of threads.
1190  CPREV+I       1437.014     110 3094.029     3194.938     3519.340
WARNING: 24 threads for alignment length 47 will slow down analysis
WARNING: Number of threads seems too high for short alignments. Use -T AUTO to determine best number of threads.
1192  CPREV+I+G4    1432.955     111 3087.910     3191.080     3517.088
WARNING: 24 threads for alignment length 47 will slow down analysis
WARNING: Number of threads seems too high for short alignments. Use -T AUTO to determine best number of threads.
1193  CPREV+R2      1437.014     111 3096.029     3199.199     3525.207
WARNING: 24 threads for alignment length 47 will slow down analysis
WARNING: Number of threads seems too high for short alignments. Use -T AUTO to determine best number of threads.
1212  CPREV+F+I     1407.562     129 3073.125     3223.528     3571.899
WARNING: 24 threads for alignment length 47 will slow down analysis
WARNING: Number of threads seems too high for short alignments. Use -T AUTO to determine best number of threads.
1214  CPREV+F+I+G4  1402.627     130 3065.253     3218.677     3567.894
WARNING: 24 threads for alignment length 47 will slow down analysis
WARNING: Number of threads seems too high for short alignments. Use -T AUTO to determine best number of threads.
1215  CPREV+F+R2    1407.562     130 3075.125     3228.548     3577.766
Akaike Information Criterion:           Q.BIRD+F+I+G4
Corrected Akaike Information Criterion: FLAVI+I
Bayesian Information Criterion:         FLAVI+I
Best-fit model: FLAVI+I chosen according to BIC

All model information printed to 07_markers/trees/recA_repr.model.gz
CPU time for ModelFinder: 21.787 seconds (0h:0m:21s)
Wall-clock time for ModelFinder: 15.248 seconds (0h:0m:15s)
Generating 1000 samples for ultrafast bootstrap (seed: 833662)...
WARNING: 24 threads for alignment length 47 will slow down analysis

NOTE: 0 MB RAM (0 GB) is required!
WARNING: Number of threads seems too high for short alignments. Use -T AUTO to determine best number of threads.
Estimate model parameters (epsilon = 0.100)
1. Initial log-likelihood: -1413.073
2. Current log-likelihood: -1412.804
Optimal log-likelihood: -1412.803
Proportion of invariable sites: 0.922
Parameters optimization took 2 rounds (0.062 sec)
Wrote distance file to... 
Computing ML distances based on estimated model parameters...
Calculating distance matrix: done in 0.00778981 secs using 1706% CPU
Computing ML distances took 0.008897 sec (of wall-clock time) 0.134366 sec (of CPU time)
Setting up auxiliary I and S matrices: done in 0.00423465 secs using 24.3% CPU
Constructing RapidNJ tree: done in 0.335125 secs using 16.01% CPU
Computing RapidNJ tree took 0.339498 sec (of wall-clock time) 0.054683 sec (of CPU time)
Log-likelihood of RapidNJ tree: -1420.214
--------------------------------------------------------------------
|             INITIALIZING CANDIDATE TREE SET                      |
--------------------------------------------------------------------
Generating 98 parsimony trees... 0.530 second
Computing log-likelihood of 98 initial trees ... 1.725 seconds
Current best score: -1412.803

Do NNI search on 20 best initial trees
Estimate model parameters (epsilon = 0.100)
BETTER TREE FOUND at iteration 1: -1412.803
Estimate model parameters (epsilon = 0.100)
BETTER TREE FOUND at iteration 2: -1410.815
Iteration 10 / LogL: -1415.170 / Time: 0h:0m:26s
Iteration 20 / LogL: -1419.212 / Time: 0h:0m:35s
Finish initializing candidate tree set (20)
Current best tree score: -1410.815 / CPU time: 19.243
Number of iterations: 20
--------------------------------------------------------------------
|               OPTIMIZING CANDIDATE TREE SET                      |
--------------------------------------------------------------------
Iteration 30 / LogL: -1415.009 / Time: 0h:0m:47s (0h:1m:19s left)
Iteration 40 / LogL: -1412.678 / Time: 0h:0m:59s (0h:1m:10s left)
Iteration 50 / LogL: -1410.819 / Time: 0h:1m:13s (0h:1m:1s left)
Log-likelihood cutoff on original alignment: -1440.087
Estimate model parameters (epsilon = 0.100)
BETTER TREE FOUND at iteration 59: -1410.369
Iteration 60 / LogL: -1410.823 / Time: 0h:1m:26s (0h:1m:59s left)
BETTER TREE FOUND at iteration 65: -1410.365
Iteration 70 / LogL: -1426.883 / Time: 0h:1m:40s (0h:1m:57s left)
Iteration 80 / LogL: -1410.370 / Time: 0h:1m:54s (0h:1m:46s left)
Iteration 90 / LogL: -1412.228 / Time: 0h:2m:7s (0h:1m:34s left)
Iteration 100 / LogL: -1414.420 / Time: 0h:2m:20s (0h:1m:22s left)
Log-likelihood cutoff on original alignment: -1440.087
NOTE: Bootstrap correlation coefficient of split occurrence frequencies: 0.986
NOTE: UFBoot does not converge, continue at least 100 more iterations
Estimate model parameters (epsilon = 0.100)
BETTER TREE FOUND at iteration 105: -1409.486
Iteration 110 / LogL: -1434.583 / Time: 0h:2m:33s (0h:2m:0s left)
BETTER TREE FOUND at iteration 117: -1409.483
Estimate model parameters (epsilon = 0.100)
BETTER TREE FOUND at iteration 119: -1409.259
Iteration 120 / LogL: -1409.488 / Time: 0h:2m:45s (0h:2m:5s left)
UPDATE BEST LOG-LIKELIHOOD: -1409.255
Iteration 130 / LogL: -1409.255 / Time: 0h:2m:57s (0h:1m:52s left)
BETTER TREE FOUND at iteration 132: -1409.255
Iteration 140 / LogL: -1409.494 / Time: 0h:3m:10s (0h:1m:55s left)
Iteration 150 / LogL: -1409.491 / Time: 0h:3m:22s (0h:1m:42s left)
Log-likelihood cutoff on original alignment: -1440.087
Iteration 160 / LogL: -1409.260 / Time: 0h:3m:34s (0h:1m:30s left)
Iteration 170 / LogL: -1409.257 / Time: 0h:3m:47s (0h:1m:17s left)
Iteration 180 / LogL: -1416.109 / Time: 0h:4m:0s (0h:1m:5s left)
Iteration 190 / LogL: -1409.257 / Time: 0h:4m:12s (0h:0m:52s left)
Iteration 200 / LogL: -1409.257 / Time: 0h:4m:25s (0h:0m:40s left)
Log-likelihood cutoff on original alignment: -1440.087
NOTE: Bootstrap correlation coefficient of split occurrence frequencies: 0.995
Iteration 210 / LogL: -1422.082 / Time: 0h:4m:37s (0h:1m:53s left)
Iteration 220 / LogL: -1409.530 / Time: 0h:4m:50s (0h:1m:40s left)
Iteration 230 / LogL: -1414.715 / Time: 0h:5m:3s (0h:1m:28s left)
TREE SEARCH COMPLETED AFTER 233 ITERATIONS / Time: 0h:5m:7s

--------------------------------------------------------------------
|                    FINALIZING TREE SEARCH                        |
--------------------------------------------------------------------
Performs final model parameters optimization
Estimate model parameters (epsilon = 0.010)
1. Initial log-likelihood: -1409.255
Optimal log-likelihood: -1409.255
Proportion of invariable sites: 0.922
Parameters optimization took 1 rounds (0.025 sec)
BEST SCORE FOUND : -1409.255
Creating bootstrap support values...
Split supports printed to NEXUS file 07_markers/trees/recA_repr.splits.nex
Total tree length: 0.205

Total number of iterations: 233
CPU time used for tree search: 119.621 sec (0h:1m:59s)
Wall-clock time used for tree search: 291.658 sec (0h:4m:51s)
Total CPU time used: 141.926 sec (0h:2m:21s)
Total wall-clock time used: 307.646 sec (0h:5m:7s)

Computing bootstrap consensus tree...
Reading input file 07_markers/trees/recA_repr.splits.nex...
56 taxa and 577 splits.
Consensus tree written to 07_markers/trees/recA_repr.contree
Reading input trees file 07_markers/trees/recA_repr.contree
Log-likelihood of consensus tree: -1410.045

Analysis results written to: 
  IQ-TREE report:                07_markers/trees/recA_repr.iqtree
  Maximum-likelihood tree:       07_markers/trees/recA_repr.treefile
  Likelihood distances:          07_markers/trees/recA_repr.mldist

Ultrafast bootstrap approximation results written to:
  Split support values:          07_markers/trees/recA_repr.splits.nex
  Consensus tree:                07_markers/trees/recA_repr.contree
  Screen log file:               07_markers/trees/recA_repr.log

Date and Time: Fri May 15 18:12:18 2026
